<?xml version="1.0" encoding="UTF-8"?>
<!-- Generated by org.testng.reporters.JUnitReportReporter -->
<testsuite skipped="0" hostname="LAPTOP-D2ATB4FR" name="TestCases.CheckMyAccountOptions" tests="1" failures="0" timestamp="23 Nov 2018 09:09:32 GMT" time="34.678" errors="0">
  <testcase name="f" time="34.678" classname="TestCases.CheckMyAccountOptions"/>
</testsuite> <!-- TestCases.CheckMyAccountOptions -->
