<?xml version="1.0" encoding="UTF-8"?>
<!-- Generated by org.testng.reporters.JUnitReportReporter -->
<testsuite skipped="0" hostname="LAPTOP-D2ATB4FR" name="TestCases.CheckMyAccountOptions" tests="1" failures="0" timestamp="21 Oct 2018 17:03:46 GMT" time="59.526" errors="0">
  <testcase name="f" time="59.526" classname="TestCases.CheckMyAccountOptions"/>
</testsuite> <!-- TestCases.CheckMyAccountOptions -->
