<?xml version="1.0" encoding="UTF-8"?>
<!-- Generated by org.testng.reporters.JUnitReportReporter -->
<testsuite skipped="0" hostname="LAPTOP-D2ATB4FR" name="TestCases.LoginToFlipkart" tests="1" failures="0" timestamp="23 Nov 2018 08:59:30 GMT" time="10.811" errors="0">
  <testcase name="f" time="10.811" classname="TestCases.LoginToFlipkart"/>
</testsuite> <!-- TestCases.LoginToFlipkart -->
