<?xml version="1.0" encoding="UTF-8"?>
<!-- Generated by org.testng.reporters.JUnitReportReporter -->
<testsuite skipped="0" hostname="LAPTOP-D2ATB4FR" name="TestCases.SearchProductAndSelect" tests="1" failures="0" timestamp="21 Oct 2018 17:03:46 GMT" time="34.239" errors="0">
  <testcase name="f" time="34.239" classname="TestCases.SearchProductAndSelect"/>
</testsuite> <!-- TestCases.SearchProductAndSelect -->
