<?xml version="1.0" encoding="UTF-8"?>
<!-- Generated by org.testng.reporters.JUnitReportReporter -->
<testsuite skipped="0" hostname="LAPTOP-D2ATB4FR" name="TestCases.CheckCartIsEmpty" tests="1" failures="0" timestamp="23 Nov 2018 09:09:32 GMT" time="39.013" errors="0">
  <testcase name="f" time="39.013" classname="TestCases.CheckCartIsEmpty"/>
</testsuite> <!-- TestCases.CheckCartIsEmpty -->
